multi : running with 12 processors
RUN ARGS: 
Namespace(attr=None, data=None, file='xcorr_input.jsn', iter=1, module='realtime_prep_dict.py', num=12, provenance=None, simple=False, target='multi')
==========
Processes: {'streamRead10': range(0, 1), 'Decimate11': range(1, 2), 'Detrend12': range(2, 3), 'Demean13': range(3, 4), 'RemoveResponse14': range(4, 5), 'Filter15': range(5, 6), 'CalculateNorm16': range(6, 7), 'Whiten17': range(7, 8), 'CalculateFft18': range(8, 9), 'StreamToFile19': range(9, 10)}
Process Process-2:
Traceback (most recent call last):
  File "/home/ll2419/miniconda3/envs/py37_d4p_auto_1/lib/python3.7/site-packages/pkg_resources/__init__.py", line 3016, in _dep_map
    return self.__dep_map
  File "/home/ll2419/miniconda3/envs/py37_d4p_auto_1/lib/python3.7/site-packages/pkg_resources/__init__.py", line 2813, in __getattr__
    raise AttributeError(attr)
AttributeError: _DistInfoDistribution__dep_map

During handling of the above exception, another exception occurred:

Traceback (most recent call last):
  File "/home/ll2419/miniconda3/envs/py37_d4p_auto_1/lib/python3.7/multiprocessing/process.py", line 297, in _bootstrap
    self.run()
  File "/home/ll2419/miniconda3/envs/py37_d4p_auto_1/lib/python3.7/multiprocessing/process.py", line 99, in run
    self._target(*self._args, **self._kwargs)
  File "/home/ll2419/miniconda3/envs/py37_d4p_auto_1/lib/python3.7/site-packages/dispel4py-1.4.0-py3.7.egg/dispel4py/new/multi_process.py", line 69, in wrapper
    result = func(*args, **kwargs)
  File "/home/ll2419/miniconda3/envs/py37_d4p_auto_1/lib/python3.7/site-packages/dispel4py-1.4.0-py3.7.egg/dispel4py/new/multi_process.py", line 84, in _processWorker
    wrapper.process()
  File "/home/ll2419/miniconda3/envs/py37_d4p_auto_1/lib/python3.7/site-packages/dispel4py-1.4.0-py3.7.egg/dispel4py/new/processor.py", line 123, in process
    outputs = self.pe.process(inputs)
  File "/home/ll2419/miniconda3/envs/py37_d4p_auto_1/lib/python3.7/site-packages/dispel4py-1.4.0-py3.7.egg/dispel4py/base.py", line 76, in process
    result = self._process(data)
  File "realtime_prep_dict.py", line 200, in _process
    str1.decimate(int(str1[0].stats.sampling_rate/self.sps))
  File "/home/ll2419/miniconda3/envs/py37_d4p_auto_1/lib/python3.7/site-packages/obspy/core/stream.py", line 2404, in decimate
    strict_length=strict_length)
  File "/home/ll2419/miniconda3/envs/py37_d4p_auto_1/lib/python3.7/site-packages/decorator.py", line 232, in fun
    return caller(func, *(extras + args), **kw)
  File "/home/ll2419/miniconda3/envs/py37_d4p_auto_1/lib/python3.7/site-packages/obspy/core/trace.py", line 273, in _add_processing_info
    result = func(*args, **kwargs)
  File "/home/ll2419/miniconda3/envs/py37_d4p_auto_1/lib/python3.7/site-packages/obspy/core/trace.py", line 1832, in decimate
    self.filter('lowpass_cheby_2', freq=freq, maxorder=12)
  File "/home/ll2419/miniconda3/envs/py37_d4p_auto_1/lib/python3.7/site-packages/decorator.py", line 232, in fun
    return caller(func, *(extras + args), **kw)
  File "/home/ll2419/miniconda3/envs/py37_d4p_auto_1/lib/python3.7/site-packages/obspy/core/trace.py", line 273, in _add_processing_info
    result = func(*args, **kwargs)
  File "/home/ll2419/miniconda3/envs/py37_d4p_auto_1/lib/python3.7/site-packages/decorator.py", line 232, in fun
    return caller(func, *(extras + args), **kw)
  File "/home/ll2419/miniconda3/envs/py37_d4p_auto_1/lib/python3.7/site-packages/obspy/core/util/decorator.py", line 234, in raise_if_masked
    return func(*args, **kwargs)
  File "/home/ll2419/miniconda3/envs/py37_d4p_auto_1/lib/python3.7/site-packages/obspy/core/trace.py", line 1541, in filter
    func = _get_function_from_entry_point('filter', type)
  File "/home/ll2419/miniconda3/envs/py37_d4p_auto_1/lib/python3.7/site-packages/obspy/core/util/base.py", line 333, in _get_function_from_entry_point
    entry_point.name)
  File "/home/ll2419/miniconda3/envs/py37_d4p_auto_1/lib/python3.7/site-packages/obspy/core/util/misc.py", line 651, in buffered_load_entry_point
    _ENTRY_POINT_CACHE[hash_str] = load_entry_point(dist, group, name)
  File "/home/ll2419/miniconda3/envs/py37_d4p_auto_1/lib/python3.7/site-packages/pkg_resources/__init__.py", line 474, in load_entry_point
    return get_distribution(dist).load_entry_point(group, name)
  File "/home/ll2419/miniconda3/envs/py37_d4p_auto_1/lib/python3.7/site-packages/pkg_resources/__init__.py", line 2846, in load_entry_point
    return ep.load()
  File "/home/ll2419/miniconda3/envs/py37_d4p_auto_1/lib/python3.7/site-packages/pkg_resources/__init__.py", line 2449, in load
    self.require(*args, **kwargs)
  File "/home/ll2419/miniconda3/envs/py37_d4p_auto_1/lib/python3.7/site-packages/pkg_resources/__init__.py", line 2472, in require
    items = working_set.resolve(reqs, env, installer, extras=self.extras)
  File "/home/ll2419/miniconda3/envs/py37_d4p_auto_1/lib/python3.7/site-packages/pkg_resources/__init__.py", line 780, in resolve
    new_requirements = dist.requires(req.extras)[::-1]
  File "/home/ll2419/miniconda3/envs/py37_d4p_auto_1/lib/python3.7/site-packages/pkg_resources/__init__.py", line 2734, in requires
    dm = self._dep_map
  File "/home/ll2419/miniconda3/envs/py37_d4p_auto_1/lib/python3.7/site-packages/pkg_resources/__init__.py", line 3018, in _dep_map
    self.__dep_map = self._compute_dependencies()
  File "/home/ll2419/miniconda3/envs/py37_d4p_auto_1/lib/python3.7/site-packages/pkg_resources/__init__.py", line 3028, in _compute_dependencies
    reqs.extend(parse_requirements(req))
  File "/home/ll2419/miniconda3/envs/py37_d4p_auto_1/lib/python3.7/site-packages/pkg_resources/__init__.py", line 3084, in parse_requirements
    yield Requirement(line)
  File "/home/ll2419/miniconda3/envs/py37_d4p_auto_1/lib/python3.7/site-packages/pkg_resources/__init__.py", line 3094, in __init__
    super(Requirement, self).__init__(requirement_string)
  File "/home/ll2419/miniconda3/envs/py37_d4p_auto_1/lib/python3.7/site-packages/pkg_resources/_vendor/packaging/requirements.py", line 98, in __init__
    req = REQUIREMENT.parseString(requirement_string)
  File "/home/ll2419/miniconda3/envs/py37_d4p_auto_1/lib/python3.7/site-packages/pkg_resources/_vendor/pyparsing.py", line 1644, in parseString
    loc, tokens = self._parse( instring, 0 )
  File "/home/ll2419/miniconda3/envs/py37_d4p_auto_1/lib/python3.7/site-packages/pkg_resources/_vendor/pyparsing.py", line 1402, in _parseNoCache
    loc,tokens = self.parseImpl( instring, preloc, doActions )
  File "/home/ll2419/miniconda3/envs/py37_d4p_auto_1/lib/python3.7/site-packages/pkg_resources/_vendor/pyparsing.py", line 3417, in parseImpl
    loc, exprtokens = e._parse( instring, loc, doActions )
  File "/home/ll2419/miniconda3/envs/py37_d4p_auto_1/lib/python3.7/site-packages/pkg_resources/_vendor/pyparsing.py", line 1402, in _parseNoCache
    loc,tokens = self.parseImpl( instring, preloc, doActions )
  File "/home/ll2419/miniconda3/envs/py37_d4p_auto_1/lib/python3.7/site-packages/pkg_resources/_vendor/pyparsing.py", line 3552, in parseImpl
    ret = e._parse( instring, loc, doActions )
  File "/home/ll2419/miniconda3/envs/py37_d4p_auto_1/lib/python3.7/site-packages/pkg_resources/_vendor/pyparsing.py", line 1402, in _parseNoCache
    loc,tokens = self.parseImpl( instring, preloc, doActions )
  File "/home/ll2419/miniconda3/envs/py37_d4p_auto_1/lib/python3.7/site-packages/pkg_resources/_vendor/pyparsing.py", line 3417, in parseImpl
    loc, exprtokens = e._parse( instring, loc, doActions )
  File "/home/ll2419/miniconda3/envs/py37_d4p_auto_1/lib/python3.7/site-packages/pkg_resources/_vendor/pyparsing.py", line 1402, in _parseNoCache
    loc,tokens = self.parseImpl( instring, preloc, doActions )
  File "/home/ll2419/miniconda3/envs/py37_d4p_auto_1/lib/python3.7/site-packages/pkg_resources/_vendor/pyparsing.py", line 4005, in parseImpl
    loc, tokens = self.expr._parse( instring, loc, doActions, callPreParse=False )
  File "/home/ll2419/miniconda3/envs/py37_d4p_auto_1/lib/python3.7/site-packages/pkg_resources/_vendor/pyparsing.py", line 1402, in _parseNoCache
    loc,tokens = self.parseImpl( instring, preloc, doActions )
  File "/home/ll2419/miniconda3/envs/py37_d4p_auto_1/lib/python3.7/site-packages/pkg_resources/_vendor/pyparsing.py", line 3417, in parseImpl
    loc, exprtokens = e._parse( instring, loc, doActions )
  File "/home/ll2419/miniconda3/envs/py37_d4p_auto_1/lib/python3.7/site-packages/pkg_resources/_vendor/pyparsing.py", line 1428, in _parseNoCache
    tokens = fn( instring, tokensStart, retTokens )
  File "/home/ll2419/miniconda3/envs/py37_d4p_auto_1/lib/python3.7/site-packages/pkg_resources/_vendor/pyparsing.py", line 1072, in wrapper
    ret = func(*args[limit[0]:])
  File "/home/ll2419/miniconda3/envs/py37_d4p_auto_1/lib/python3.7/site-packages/pkg_resources/_vendor/packaging/requirements.py", line 66, in <lambda>
    lambda s, l, t: Marker(s[t._original_start : t._original_end])
  File "/home/ll2419/miniconda3/envs/py37_d4p_auto_1/lib/python3.7/site-packages/pkg_resources/_vendor/packaging/markers.py", line 299, in __init__
    self._markers = _coerce_parse_result(MARKER.parseString(marker))
  File "/home/ll2419/miniconda3/envs/py37_d4p_auto_1/lib/python3.7/site-packages/pkg_resources/_vendor/pyparsing.py", line 1644, in parseString
    loc, tokens = self._parse( instring, 0 )
  File "/home/ll2419/miniconda3/envs/py37_d4p_auto_1/lib/python3.7/site-packages/pkg_resources/_vendor/pyparsing.py", line 1402, in _parseNoCache
    loc,tokens = self.parseImpl( instring, preloc, doActions )
  File "/home/ll2419/miniconda3/envs/py37_d4p_auto_1/lib/python3.7/site-packages/pkg_resources/_vendor/pyparsing.py", line 3417, in parseImpl
    loc, exprtokens = e._parse( instring, loc, doActions )
  File "/home/ll2419/miniconda3/envs/py37_d4p_auto_1/lib/python3.7/site-packages/pkg_resources/_vendor/pyparsing.py", line 1402, in _parseNoCache
    loc,tokens = self.parseImpl( instring, preloc, doActions )
  File "/home/ll2419/miniconda3/envs/py37_d4p_auto_1/lib/python3.7/site-packages/pkg_resources/_vendor/pyparsing.py", line 3739, in parseImpl
    return self.expr._parse( instring, loc, doActions, callPreParse=False )
  File "/home/ll2419/miniconda3/envs/py37_d4p_auto_1/lib/python3.7/site-packages/pkg_resources/_vendor/pyparsing.py", line 1402, in _parseNoCache
    loc,tokens = self.parseImpl( instring, preloc, doActions )
  File "/home/ll2419/miniconda3/envs/py37_d4p_auto_1/lib/python3.7/site-packages/pkg_resources/_vendor/pyparsing.py", line 3400, in parseImpl
    loc, resultlist = self.exprs[0]._parse( instring, loc, doActions, callPreParse=False )
  File "/home/ll2419/miniconda3/envs/py37_d4p_auto_1/lib/python3.7/site-packages/pkg_resources/_vendor/pyparsing.py", line 1402, in _parseNoCache
    loc,tokens = self.parseImpl( instring, preloc, doActions )
  File "/home/ll2419/miniconda3/envs/py37_d4p_auto_1/lib/python3.7/site-packages/pkg_resources/_vendor/pyparsing.py", line 3552, in parseImpl
    ret = e._parse( instring, loc, doActions )
  File "/home/ll2419/miniconda3/envs/py37_d4p_auto_1/lib/python3.7/site-packages/pkg_resources/_vendor/pyparsing.py", line 1402, in _parseNoCache
    loc,tokens = self.parseImpl( instring, preloc, doActions )
  File "/home/ll2419/miniconda3/envs/py37_d4p_auto_1/lib/python3.7/site-packages/pkg_resources/_vendor/pyparsing.py", line 3739, in parseImpl
    return self.expr._parse( instring, loc, doActions, callPreParse=False )
  File "/home/ll2419/miniconda3/envs/py37_d4p_auto_1/lib/python3.7/site-packages/pkg_resources/_vendor/pyparsing.py", line 1402, in _parseNoCache
    loc,tokens = self.parseImpl( instring, preloc, doActions )
  File "/home/ll2419/miniconda3/envs/py37_d4p_auto_1/lib/python3.7/site-packages/pkg_resources/_vendor/pyparsing.py", line 3417, in parseImpl
    loc, exprtokens = e._parse( instring, loc, doActions )
  File "/home/ll2419/miniconda3/envs/py37_d4p_auto_1/lib/python3.7/site-packages/pkg_resources/_vendor/pyparsing.py", line 1402, in _parseNoCache
    loc,tokens = self.parseImpl( instring, preloc, doActions )
  File "/home/ll2419/miniconda3/envs/py37_d4p_auto_1/lib/python3.7/site-packages/pkg_resources/_vendor/pyparsing.py", line 3552, in parseImpl
    ret = e._parse( instring, loc, doActions )
  File "/home/ll2419/miniconda3/envs/py37_d4p_auto_1/lib/python3.7/site-packages/pkg_resources/_vendor/pyparsing.py", line 1402, in _parseNoCache
    loc,tokens = self.parseImpl( instring, preloc, doActions )
  File "/home/ll2419/miniconda3/envs/py37_d4p_auto_1/lib/python3.7/site-packages/pkg_resources/_vendor/pyparsing.py", line 3552, in parseImpl
    ret = e._parse( instring, loc, doActions )
  File "/home/ll2419/miniconda3/envs/py37_d4p_auto_1/lib/python3.7/site-packages/pkg_resources/_vendor/pyparsing.py", line 1406, in _parseNoCache
    loc,tokens = self.parseImpl( instring, preloc, doActions )
  File "/home/ll2419/miniconda3/envs/py37_d4p_auto_1/lib/python3.7/site-packages/pkg_resources/_vendor/pyparsing.py", line 2435, in parseImpl
    raise ParseException(instring, loc, self.errmsg, self)
  File "/home/ll2419/miniconda3/envs/py37_d4p_auto_1/lib/python3.7/site-packages/pkg_resources/_vendor/pyparsing.py", line 217, in __init__
    self.parserElement = elem
KeyboardInterrupt
Process Process-1:
Traceback (most recent call last):
  File "/home/ll2419/miniconda3/envs/py37_d4p_auto_1/lib/python3.7/runpy.py", line 193, in _run_module_as_main
    "__main__", mod_spec)
  File "/home/ll2419/miniconda3/envs/py37_d4p_auto_1/lib/python3.7/runpy.py", line 85, in _run_code
    exec(code, run_globals)
  File "/home/ll2419/miniconda3/envs/py37_d4p_auto_1/lib/python3.7/site-packages/dispel4py-1.4.0-py3.7.egg/dispel4py/new/processor.py", line 884, in <module>
    main()
  File "/home/ll2419/miniconda3/envs/py37_d4p_auto_1/lib/python3.7/site-packages/dispel4py-1.4.0-py3.7.egg/dispel4py/new/processor.py", line 876, in main
    errormsg = process(graph, inputs=inputs, args=args)
  File "/home/ll2419/miniconda3/envs/py37_d4p_auto_1/lib/python3.7/site-packages/dispel4py-1.4.0-py3.7.egg/dispel4py/new/multi_process.py", line 180, in process
    j.join()
  File "/home/ll2419/miniconda3/envs/py37_d4p_auto_1/lib/python3.7/multiprocessing/process.py", line 140, in join
    res = self._popen.wait(timeout)
  File "/home/ll2419/miniconda3/envs/py37_d4p_auto_1/lib/python3.7/multiprocessing/popen_fork.py", line 48, in wait
    return self.poll(os.WNOHANG if timeout == 0.0 else 0)
  File "/home/ll2419/miniconda3/envs/py37_d4p_auto_1/lib/python3.7/multiprocessing/popen_fork.py", line 28, in poll
    pid, sts = os.waitpid(self.pid, flag)
KeyboardInterrupt
Error in atexit._run_exitfuncs:
Traceback (most recent call last):
  File "/home/ll2419/miniconda3/envs/py37_d4p_auto_1/lib/python3.7/multiprocessing/popen_fork.py", line 28, in poll
    pid, sts = os.waitpid(self.pid, flag)
KeyboardInterrupt
Error in atexit._run_exitfuncs:
Traceback (most recent call last):
  File "/home/ll2419/miniconda3/envs/py37_d4p_auto_1/lib/python3.7/site-packages/matplotlib/_pylab_helpers.py", line 82, in destroy_all
    @classmethod
KeyboardInterrupt
